<?xml version="1.0" encoding="UTF-8"?>
<testsuite name="com.kong.authtest.chatting.controller.ChatControllerTest" tests="1" skipped="0" failures="0" errors="0" timestamp="2023-07-25T01:45:13" hostname="DESKTOP-1JVI7QI" time="0.023">
  <properties/>
  <testcase name="testSend()" classname="com.kong.authtest.chatting.controller.ChatControllerTest" time="0.023"/>
  <system-out><![CDATA[2023-07-25 10:45:12.165  INFO 4072 --- [    Test worker] .b.t.c.SpringBootTestContextBootstrapper : Neither @ContextConfiguration nor @ContextHierarchy found for test class [com.kong.authtest.chatting.controller.ChatControllerTest], using SpringBootContextLoader
2023-07-25 10:45:12.167  INFO 4072 --- [    Test worker] o.s.t.c.support.AbstractContextLoader    : Could not detect default resource locations for test class [com.kong.authtest.chatting.controller.ChatControllerTest]: no resource found for suffixes {-context.xml, Context.groovy}.
2023-07-25 10:45:12.167  INFO 4072 --- [    Test worker] t.c.s.AnnotationConfigContextLoaderUtils : Could not detect default configuration classes for test class [com.kong.authtest.chatting.controller.ChatControllerTest]: ChatControllerTest does not declare any static, non-private, non-final, nested classes annotated with @Configuration.
2023-07-25 10:45:12.176  INFO 4072 --- [    Test worker] .b.t.c.SpringBootTestContextBootstrapper : Found @SpringBootConfiguration com.kong.authtest.AuthTestApplication for test class com.kong.authtest.chatting.controller.ChatControllerTest
2023-07-25 10:45:12.178  INFO 4072 --- [    Test worker] .b.t.c.SpringBootTestContextBootstrapper : Loaded default TestExecutionListener class names from location [META-INF/spring.factories]: [org.springframework.security.test.context.support.WithSecurityContextTestExecutionListener, org.springframework.security.test.context.support.ReactorContextTestExecutionListener, org.springframework.boot.test.autoconfigure.restdocs.RestDocsTestExecutionListener, org.springframework.boot.test.autoconfigure.web.client.MockRestServiceServerResetTestExecutionListener, org.springframework.boot.test.autoconfigure.web.servlet.MockMvcPrintOnlyOnFailureTestExecutionListener, org.springframework.boot.test.autoconfigure.web.servlet.WebDriverTestExecutionListener, org.springframework.boot.test.autoconfigure.webservices.client.MockWebServiceServerTestExecutionListener, org.springframework.boot.test.mock.mockito.MockitoTestExecutionListener, org.springframework.boot.test.mock.mockito.ResetMocksTestExecutionListener, org.springframework.test.context.web.ServletTestExecutionListener, org.springframework.test.context.support.DirtiesContextBeforeModesTestExecutionListener, org.springframework.test.context.event.ApplicationEventsTestExecutionListener, org.springframework.test.context.support.DependencyInjectionTestExecutionListener, org.springframework.test.context.support.DirtiesContextTestExecutionListener, org.springframework.test.context.transaction.TransactionalTestExecutionListener, org.springframework.test.context.jdbc.SqlScriptsTestExecutionListener, org.springframework.test.context.event.EventPublishingTestExecutionListener]
2023-07-25 10:45:12.178  INFO 4072 --- [    Test worker] .b.t.c.SpringBootTestContextBootstrapper : Using TestExecutionListeners: [org.springframework.test.context.web.ServletTestExecutionListener@47970962, org.springframework.test.context.support.DirtiesContextBeforeModesTestExecutionListener@66b16770, org.springframework.test.context.event.ApplicationEventsTestExecutionListener@286b48ce, org.springframework.boot.test.mock.mockito.MockitoTestExecutionListener@72788282, org.springframework.boot.test.autoconfigure.SpringBootDependencyInjectionTestExecutionListener@ddb59b6, org.springframework.test.context.support.DirtiesContextTestExecutionListener@60bc259a, org.springframework.test.context.transaction.TransactionalTestExecutionListener@12e33c7b, org.springframework.test.context.jdbc.SqlScriptsTestExecutionListener@24b9c037, org.springframework.security.test.context.support.WithSecurityContextTestExecutionListener@73f83bff, org.springframework.test.context.event.EventPublishingTestExecutionListener@72e950ef, org.springframework.security.test.context.support.ReactorContextTestExecutionListener@79e2aa2d, org.springframework.boot.test.autoconfigure.restdocs.RestDocsTestExecutionListener@13b0755e, org.springframework.boot.test.autoconfigure.web.client.MockRestServiceServerResetTestExecutionListener@21259314, org.springframework.boot.test.autoconfigure.web.servlet.MockMvcPrintOnlyOnFailureTestExecutionListener@19f3c1f7, org.springframework.boot.test.autoconfigure.web.servlet.WebDriverTestExecutionListener@75acb326, org.springframework.boot.test.autoconfigure.webservices.client.MockWebServiceServerTestExecutionListener@65263248, org.springframework.boot.test.mock.mockito.ResetMocksTestExecutionListener@6816b0cb]

  .   ____          _            __ _ _
 /\\ / ___'_ __ _ _(_)_ __  __ _ \ \ \ \
( ( )\___ | '_ | '_| | '_ \/ _` | \ \ \ \
 \\/  ___)| |_)| | | | | || (_| |  ) ) ) )
  '  |____| .__|_| |_|_| |_\__, | / / / /
 =========|_|==============|___/=/_/_/_/
 :: Spring Boot ::               (v2.7.13)

2023-07-25 10:45:12.202  INFO 4072 --- [    Test worker] c.k.a.c.controller.ChatControllerTest    : Starting ChatControllerTest using Java 11.0.19 on DESKTOP-1JVI7QI with PID 4072 (started by SSAFY in C:\Users\SSAFY\IdeaProjects\S09P12C110\backend)
2023-07-25 10:45:12.203  INFO 4072 --- [    Test worker] c.k.a.c.controller.ChatControllerTest    : The following 1 profile is active: "test"
2023-07-25 10:45:12.465  INFO 4072 --- [    Test worker] .s.d.r.c.RepositoryConfigurationDelegate : Multiple Spring Data modules found, entering strict repository configuration mode
2023-07-25 10:45:12.465  INFO 4072 --- [    Test worker] .s.d.r.c.RepositoryConfigurationDelegate : Bootstrapping Spring Data JPA repositories in DEFAULT mode.
2023-07-25 10:45:12.492  INFO 4072 --- [    Test worker] .s.d.r.c.RepositoryConfigurationDelegate : Finished Spring Data repository scanning in 27 ms. Found 5 JPA repository interfaces.
2023-07-25 10:45:12.495  INFO 4072 --- [    Test worker] .s.d.r.c.RepositoryConfigurationDelegate : Multiple Spring Data modules found, entering strict repository configuration mode
2023-07-25 10:45:12.495  INFO 4072 --- [    Test worker] .s.d.r.c.RepositoryConfigurationDelegate : Bootstrapping Spring Data Redis repositories in DEFAULT mode.
2023-07-25 10:45:12.504  INFO 4072 --- [    Test worker] .RepositoryConfigurationExtensionSupport : Spring Data Redis - Could not safely identify store assignment for repository candidate interface com.kong.authtest.comment.repository.CommentRepository; If you want this repository to be a Redis repository, consider annotating your entities with one of these annotations: org.springframework.data.redis.core.RedisHash (preferred), or consider extending one of the following types with your repository: org.springframework.data.keyvalue.repository.KeyValueRepository
2023-07-25 10:45:12.505  INFO 4072 --- [    Test worker] .RepositoryConfigurationExtensionSupport : Spring Data Redis - Could not safely identify store assignment for repository candidate interface com.kong.authtest.community.repository.CommunityRepository; If you want this repository to be a Redis repository, consider annotating your entities with one of these annotations: org.springframework.data.redis.core.RedisHash (preferred), or consider extending one of the following types with your repository: org.springframework.data.keyvalue.repository.KeyValueRepository
2023-07-25 10:45:12.505  INFO 4072 --- [    Test worker] .RepositoryConfigurationExtensionSupport : Spring Data Redis - Could not safely identify store assignment for repository candidate interface com.kong.authtest.page.repository.PageRepository; If you want this repository to be a Redis repository, consider annotating your entities with one of these annotations: org.springframework.data.redis.core.RedisHash (preferred), or consider extending one of the following types with your repository: org.springframework.data.keyvalue.repository.KeyValueRepository
2023-07-25 10:45:12.505  INFO 4072 --- [    Test worker] .RepositoryConfigurationExtensionSupport : Spring Data Redis - Could not safely identify store assignment for repository candidate interface com.kong.authtest.tale.repository.TaleRepository; If you want this repository to be a Redis repository, consider annotating your entities with one of these annotations: org.springframework.data.redis.core.RedisHash (preferred), or consider extending one of the following types with your repository: org.springframework.data.keyvalue.repository.KeyValueRepository
2023-07-25 10:45:12.505  INFO 4072 --- [    Test worker] .RepositoryConfigurationExtensionSupport : Spring Data Redis - Could not safely identify store assignment for repository candidate interface com.kong.authtest.user.repository.UserRepository; If you want this repository to be a Redis repository, consider annotating your entities with one of these annotations: org.springframework.data.redis.core.RedisHash (preferred), or consider extending one of the following types with your repository: org.springframework.data.keyvalue.repository.KeyValueRepository
2023-07-25 10:45:12.505  INFO 4072 --- [    Test worker] .s.d.r.c.RepositoryConfigurationDelegate : Finished Spring Data repository scanning in 10 ms. Found 0 Redis repository interfaces.
2023-07-25 10:45:12.665  INFO 4072 --- [    Test worker] o.hibernate.jpa.internal.util.LogHelper  : HHH000204: Processing PersistenceUnitInfo [name: default]
2023-07-25 10:45:12.673  INFO 4072 --- [    Test worker] com.zaxxer.hikari.HikariDataSource       : HikariPool-2 - Starting...
2023-07-25 10:45:12.682  INFO 4072 --- [    Test worker] com.zaxxer.hikari.HikariDataSource       : HikariPool-2 - Start completed.
2023-07-25 10:45:12.683  INFO 4072 --- [    Test worker] org.hibernate.dialect.Dialect            : HHH000400: Using dialect: org.hibernate.dialect.MySQL8Dialect
2023-07-25 10:45:12.769  INFO 4072 --- [    Test worker] o.h.e.t.j.p.i.JtaPlatformInitiator       : HHH000490: Using JtaPlatform implementation: [org.hibernate.engine.transaction.jta.platform.internal.NoJtaPlatform]
2023-07-25 10:45:12.770  INFO 4072 --- [    Test worker] j.LocalContainerEntityManagerFactoryBean : Initialized JPA EntityManagerFactory for persistence unit 'default'
2023-07-25 10:45:13.077  WARN 4072 --- [    Test worker] JpaBaseConfiguration$JpaWebConfiguration : spring.jpa.open-in-view is enabled by default. Therefore, database queries may be performed during view rendering. Explicitly configure spring.jpa.open-in-view to disable this warning
2023-07-25 10:45:13.332  INFO 4072 --- [    Test worker] o.s.s.web.DefaultSecurityFilterChain     : Will secure any request with [org.springframework.security.web.session.DisableEncodeUrlFilter@13eead57, org.springframework.security.web.context.request.async.WebAsyncManagerIntegrationFilter@4288d7b6, org.springframework.security.web.context.SecurityContextPersistenceFilter@2f4847d9, org.springframework.security.web.header.HeaderWriterFilter@5a67843b, org.springframework.web.filter.CorsFilter@3a0773, com.kong.authtest.auth.JwtAuthenticationFilter@280aa1bd, org.springframework.security.web.authentication.logout.LogoutFilter@4140f94c, org.springframework.security.web.savedrequest.RequestCacheAwareFilter@40a38a44, org.springframework.security.web.servletapi.SecurityContextHolderAwareRequestFilter@26838837, org.springframework.security.web.authentication.AnonymousAuthenticationFilter@4169db10, org.springframework.security.web.session.SessionManagementFilter@73cf33bd, org.springframework.security.web.access.ExceptionTranslationFilter@47651c28, org.springframework.security.web.access.intercept.FilterSecurityInterceptor@15da3ce9]
2023-07-25 10:45:13.647  INFO 4072 --- [    Test worker] o.s.m.s.b.SimpleBrokerMessageHandler     : Starting...
2023-07-25 10:45:13.647  INFO 4072 --- [    Test worker] o.s.m.s.b.SimpleBrokerMessageHandler     : BrokerAvailabilityEvent[available=true, SimpleBrokerMessageHandler [org.springframework.messaging.simp.broker.DefaultSubscriptionRegistry@1b4695a]]
2023-07-25 10:45:13.647  INFO 4072 --- [    Test worker] o.s.m.s.b.SimpleBrokerMessageHandler     : Started.
2023-07-25 10:45:13.649  INFO 4072 --- [    Test worker] c.k.a.c.controller.ChatControllerTest    : Started ChatControllerTest in 1.469 seconds (JVM running for 8.354)
]]></system-out>
  <system-err><![CDATA[]]></system-err>
</testsuite>
