<?xml version="1.0" encoding="UTF-8"?>
<testsuite name="com.kong.authtest.AuthTestApplicationTests" tests="1" skipped="0" failures="0" errors="0" timestamp="2023-07-25T01:45:12" hostname="DESKTOP-1JVI7QI" time="0.103">
  <properties/>
  <testcase name="contextLoads()" classname="com.kong.authtest.AuthTestApplicationTests" time="0.103"/>
  <system-out><![CDATA[10:45:06.122 [Test worker] DEBUG org.springframework.test.context.BootstrapUtils - Instantiating CacheAwareContextLoaderDelegate from class [org.springframework.test.context.cache.DefaultCacheAwareContextLoaderDelegate]
10:45:06.132 [Test worker] DEBUG org.springframework.test.context.BootstrapUtils - Instantiating BootstrapContext using constructor [public org.springframework.test.context.support.DefaultBootstrapContext(java.lang.Class,org.springframework.test.context.CacheAwareContextLoaderDelegate)]
10:45:06.157 [Test worker] DEBUG org.springframework.test.context.BootstrapUtils - Instantiating TestContextBootstrapper for test class [com.kong.authtest.AuthTestApplicationTests] from class [org.springframework.boot.test.context.SpringBootTestContextBootstrapper]
10:45:06.166 [Test worker] INFO org.springframework.boot.test.context.SpringBootTestContextBootstrapper - Neither @ContextConfiguration nor @ContextHierarchy found for test class [com.kong.authtest.AuthTestApplicationTests], using SpringBootContextLoader
10:45:06.169 [Test worker] DEBUG org.springframework.test.context.support.AbstractContextLoader - Did not detect default resource location for test class [com.kong.authtest.AuthTestApplicationTests]: class path resource [com/kong/authtest/AuthTestApplicationTests-context.xml] does not exist
10:45:06.169 [Test worker] DEBUG org.springframework.test.context.support.AbstractContextLoader - Did not detect default resource location for test class [com.kong.authtest.AuthTestApplicationTests]: class path resource [com/kong/authtest/AuthTestApplicationTestsContext.groovy] does not exist
10:45:06.170 [Test worker] INFO org.springframework.test.context.support.AbstractContextLoader - Could not detect default resource locations for test class [com.kong.authtest.AuthTestApplicationTests]: no resource found for suffixes {-context.xml, Context.groovy}.
10:45:06.170 [Test worker] INFO org.springframework.test.context.support.AnnotationConfigContextLoaderUtils - Could not detect default configuration classes for test class [com.kong.authtest.AuthTestApplicationTests]: AuthTestApplicationTests does not declare any static, non-private, non-final, nested classes annotated with @Configuration.
10:45:06.202 [Test worker] DEBUG org.springframework.test.context.support.ActiveProfilesUtils - Could not find an 'annotation declaring class' for annotation type [org.springframework.test.context.ActiveProfiles] and class [com.kong.authtest.AuthTestApplicationTests]
10:45:06.250 [Test worker] DEBUG org.springframework.context.annotation.ClassPathScanningCandidateComponentProvider - Identified candidate component class: file [C:\Users\SSAFY\IdeaProjects\S09P12C110\backend\build\classes\java\main\com\kong\authtest\AuthTestApplication.class]
10:45:06.251 [Test worker] INFO org.springframework.boot.test.context.SpringBootTestContextBootstrapper - Found @SpringBootConfiguration com.kong.authtest.AuthTestApplication for test class com.kong.authtest.AuthTestApplicationTests
10:45:06.334 [Test worker] DEBUG org.springframework.boot.test.context.SpringBootTestContextBootstrapper - @TestExecutionListeners is not present for class [com.kong.authtest.AuthTestApplicationTests]: using defaults.
10:45:06.335 [Test worker] INFO org.springframework.boot.test.context.SpringBootTestContextBootstrapper - Loaded default TestExecutionListener class names from location [META-INF/spring.factories]: [org.springframework.security.test.context.support.WithSecurityContextTestExecutionListener, org.springframework.security.test.context.support.ReactorContextTestExecutionListener, org.springframework.boot.test.autoconfigure.restdocs.RestDocsTestExecutionListener, org.springframework.boot.test.autoconfigure.web.client.MockRestServiceServerResetTestExecutionListener, org.springframework.boot.test.autoconfigure.web.servlet.MockMvcPrintOnlyOnFailureTestExecutionListener, org.springframework.boot.test.autoconfigure.web.servlet.WebDriverTestExecutionListener, org.springframework.boot.test.autoconfigure.webservices.client.MockWebServiceServerTestExecutionListener, org.springframework.boot.test.mock.mockito.MockitoTestExecutionListener, org.springframework.boot.test.mock.mockito.ResetMocksTestExecutionListener, org.springframework.test.context.web.ServletTestExecutionListener, org.springframework.test.context.support.DirtiesContextBeforeModesTestExecutionListener, org.springframework.test.context.event.ApplicationEventsTestExecutionListener, org.springframework.test.context.support.DependencyInjectionTestExecutionListener, org.springframework.test.context.support.DirtiesContextTestExecutionListener, org.springframework.test.context.transaction.TransactionalTestExecutionListener, org.springframework.test.context.jdbc.SqlScriptsTestExecutionListener, org.springframework.test.context.event.EventPublishingTestExecutionListener]
10:45:06.350 [Test worker] INFO org.springframework.boot.test.context.SpringBootTestContextBootstrapper - Using TestExecutionListeners: [org.springframework.test.context.web.ServletTestExecutionListener@2e6ee0bc, org.springframework.test.context.support.DirtiesContextBeforeModesTestExecutionListener@4201a617, org.springframework.test.context.event.ApplicationEventsTestExecutionListener@467f77a5, org.springframework.boot.test.mock.mockito.MockitoTestExecutionListener@1bb9aa43, org.springframework.boot.test.autoconfigure.SpringBootDependencyInjectionTestExecutionListener@420bc288, org.springframework.test.context.support.DirtiesContextTestExecutionListener@df5f5c0, org.springframework.test.context.transaction.TransactionalTestExecutionListener@308a6984, org.springframework.test.context.jdbc.SqlScriptsTestExecutionListener@66b72664, org.springframework.security.test.context.support.WithSecurityContextTestExecutionListener@7a34b7b8, org.springframework.test.context.event.EventPublishingTestExecutionListener@58cd06cb, org.springframework.security.test.context.support.ReactorContextTestExecutionListener@3be8821f, org.springframework.boot.test.autoconfigure.restdocs.RestDocsTestExecutionListener@64b31700, org.springframework.boot.test.autoconfigure.web.client.MockRestServiceServerResetTestExecutionListener@3b65e559, org.springframework.boot.test.autoconfigure.web.servlet.MockMvcPrintOnlyOnFailureTestExecutionListener@bae47a0, org.springframework.boot.test.autoconfigure.web.servlet.WebDriverTestExecutionListener@74a9c4b0, org.springframework.boot.test.autoconfigure.webservices.client.MockWebServiceServerTestExecutionListener@85ec632, org.springframework.boot.test.mock.mockito.ResetMocksTestExecutionListener@1c05a54d]
10:45:06.353 [Test worker] DEBUG org.springframework.test.context.support.AbstractDirtiesContextTestExecutionListener - Before test class: context [DefaultTestContext@117632cf testClass = AuthTestApplicationTests, testInstance = [null], testMethod = [null], testException = [null], mergedContextConfiguration = [WebMergedContextConfiguration@2fb68ec6 testClass = AuthTestApplicationTests, locations = '{}', classes = '{class com.kong.authtest.AuthTestApplication}', contextInitializerClasses = '[]', activeProfiles = '{}', propertySourceLocations = '{}', propertySourceProperties = '{org.springframework.boot.test.context.SpringBootTestContextBootstrapper=true}', contextCustomizers = set[org.springframework.boot.test.autoconfigure.actuate.metrics.MetricsExportContextCustomizerFactory$DisableMetricExportContextCustomizer@51cd7ffc, org.springframework.boot.test.autoconfigure.properties.PropertyMappingContextCustomizer@0, org.springframework.boot.test.autoconfigure.web.servlet.WebDriverContextCustomizerFactory$Customizer@3f053c80, org.springframework.boot.test.context.filter.ExcludeFilterContextCustomizer@1d8062d2, org.springframework.boot.test.json.DuplicateJsonObjectContextCustomizerFactory$DuplicateJsonObjectContextCustomizer@295eaa7c, org.springframework.boot.test.mock.mockito.MockitoContextCustomizer@0, org.springframework.boot.test.web.client.TestRestTemplateContextCustomizer@14f5da2c, org.springframework.boot.test.context.SpringBootTestArgs@1, org.springframework.boot.test.context.SpringBootTestWebEnvironment@5456afaa], resourceBasePath = 'src/main/webapp', contextLoader = 'org.springframework.boot.test.context.SpringBootContextLoader', parent = [null]], attributes = map['org.springframework.test.context.web.ServletTestExecutionListener.activateListener' -> true]], class annotated with @DirtiesContext [false] with mode [null].

  .   ____          _            __ _ _
 /\\ / ___'_ __ _ _(_)_ __  __ _ \ \ \ \
( ( )\___ | '_ | '_| | '_ \/ _` | \ \ \ \
 \\/  ___)| |_)| | | | | || (_| |  ) ) ) )
  '  |____| .__|_| |_|_| |_\__, | / / / /
 =========|_|==============|___/=/_/_/_/
 :: Spring Boot ::               (v2.7.13)

2023-07-25 10:45:06.646  INFO 4072 --- [    Test worker] c.k.authtest.AuthTestApplicationTests    : Starting AuthTestApplicationTests using Java 11.0.19 on DESKTOP-1JVI7QI with PID 4072 (started by SSAFY in C:\Users\SSAFY\IdeaProjects\S09P12C110\backend)
2023-07-25 10:45:06.647  INFO 4072 --- [    Test worker] c.k.authtest.AuthTestApplicationTests    : No active profile set, falling back to 1 default profile: "default"
2023-07-25 10:45:07.454  INFO 4072 --- [    Test worker] .s.d.r.c.RepositoryConfigurationDelegate : Multiple Spring Data modules found, entering strict repository configuration mode
2023-07-25 10:45:07.456  INFO 4072 --- [    Test worker] .s.d.r.c.RepositoryConfigurationDelegate : Bootstrapping Spring Data JPA repositories in DEFAULT mode.
2023-07-25 10:45:07.625  INFO 4072 --- [    Test worker] .s.d.r.c.RepositoryConfigurationDelegate : Finished Spring Data repository scanning in 162 ms. Found 5 JPA repository interfaces.
2023-07-25 10:45:07.636  INFO 4072 --- [    Test worker] .s.d.r.c.RepositoryConfigurationDelegate : Multiple Spring Data modules found, entering strict repository configuration mode
2023-07-25 10:45:07.637  INFO 4072 --- [    Test worker] .s.d.r.c.RepositoryConfigurationDelegate : Bootstrapping Spring Data Redis repositories in DEFAULT mode.
2023-07-25 10:45:07.656  INFO 4072 --- [    Test worker] .RepositoryConfigurationExtensionSupport : Spring Data Redis - Could not safely identify store assignment for repository candidate interface com.kong.authtest.comment.repository.CommentRepository; If you want this repository to be a Redis repository, consider annotating your entities with one of these annotations: org.springframework.data.redis.core.RedisHash (preferred), or consider extending one of the following types with your repository: org.springframework.data.keyvalue.repository.KeyValueRepository
2023-07-25 10:45:07.656  INFO 4072 --- [    Test worker] .RepositoryConfigurationExtensionSupport : Spring Data Redis - Could not safely identify store assignment for repository candidate interface com.kong.authtest.community.repository.CommunityRepository; If you want this repository to be a Redis repository, consider annotating your entities with one of these annotations: org.springframework.data.redis.core.RedisHash (preferred), or consider extending one of the following types with your repository: org.springframework.data.keyvalue.repository.KeyValueRepository
2023-07-25 10:45:07.657  INFO 4072 --- [    Test worker] .RepositoryConfigurationExtensionSupport : Spring Data Redis - Could not safely identify store assignment for repository candidate interface com.kong.authtest.page.repository.PageRepository; If you want this repository to be a Redis repository, consider annotating your entities with one of these annotations: org.springframework.data.redis.core.RedisHash (preferred), or consider extending one of the following types with your repository: org.springframework.data.keyvalue.repository.KeyValueRepository
2023-07-25 10:45:07.657  INFO 4072 --- [    Test worker] .RepositoryConfigurationExtensionSupport : Spring Data Redis - Could not safely identify store assignment for repository candidate interface com.kong.authtest.tale.repository.TaleRepository; If you want this repository to be a Redis repository, consider annotating your entities with one of these annotations: org.springframework.data.redis.core.RedisHash (preferred), or consider extending one of the following types with your repository: org.springframework.data.keyvalue.repository.KeyValueRepository
2023-07-25 10:45:07.658  INFO 4072 --- [    Test worker] .RepositoryConfigurationExtensionSupport : Spring Data Redis - Could not safely identify store assignment for repository candidate interface com.kong.authtest.user.repository.UserRepository; If you want this repository to be a Redis repository, consider annotating your entities with one of these annotations: org.springframework.data.redis.core.RedisHash (preferred), or consider extending one of the following types with your repository: org.springframework.data.keyvalue.repository.KeyValueRepository
2023-07-25 10:45:07.659  INFO 4072 --- [    Test worker] .s.d.r.c.RepositoryConfigurationDelegate : Finished Spring Data repository scanning in 14 ms. Found 0 Redis repository interfaces.
2023-07-25 10:45:08.234  INFO 4072 --- [    Test worker] o.hibernate.jpa.internal.util.LogHelper  : HHH000204: Processing PersistenceUnitInfo [name: default]
2023-07-25 10:45:08.291  INFO 4072 --- [    Test worker] org.hibernate.Version                    : HHH000412: Hibernate ORM core version 5.6.15.Final
2023-07-25 10:45:08.456  INFO 4072 --- [    Test worker] o.hibernate.annotations.common.Version   : HCANN000001: Hibernate Commons Annotations {5.1.2.Final}
2023-07-25 10:45:08.554  INFO 4072 --- [    Test worker] com.zaxxer.hikari.HikariDataSource       : HikariPool-1 - Starting...
2023-07-25 10:45:08.818  INFO 4072 --- [    Test worker] com.zaxxer.hikari.HikariDataSource       : HikariPool-1 - Start completed.
2023-07-25 10:45:08.850  INFO 4072 --- [    Test worker] org.hibernate.dialect.Dialect            : HHH000400: Using dialect: org.hibernate.dialect.MySQL8Dialect
2023-07-25 10:45:09.556  INFO 4072 --- [    Test worker] o.h.e.t.j.p.i.JtaPlatformInitiator       : HHH000490: Using JtaPlatform implementation: [org.hibernate.engine.transaction.jta.platform.internal.NoJtaPlatform]
2023-07-25 10:45:09.567  INFO 4072 --- [    Test worker] j.LocalContainerEntityManagerFactoryBean : Initialized JPA EntityManagerFactory for persistence unit 'default'
2023-07-25 10:45:10.417  WARN 4072 --- [    Test worker] JpaBaseConfiguration$JpaWebConfiguration : spring.jpa.open-in-view is enabled by default. Therefore, database queries may be performed during view rendering. Explicitly configure spring.jpa.open-in-view to disable this warning
2023-07-25 10:45:11.041  INFO 4072 --- [    Test worker] o.s.s.web.DefaultSecurityFilterChain     : Will secure any request with [org.springframework.security.web.session.DisableEncodeUrlFilter@3f1b4a14, org.springframework.security.web.context.request.async.WebAsyncManagerIntegrationFilter@452e0a94, org.springframework.security.web.context.SecurityContextPersistenceFilter@2da7ef3e, org.springframework.security.web.header.HeaderWriterFilter@76fa3dd8, org.springframework.web.filter.CorsFilter@2a12048d, com.kong.authtest.auth.JwtAuthenticationFilter@665c79a2, org.springframework.security.web.authentication.logout.LogoutFilter@7ebf5bf, org.springframework.security.web.savedrequest.RequestCacheAwareFilter@f4e235e, org.springframework.security.web.servletapi.SecurityContextHolderAwareRequestFilter@1d82e396, org.springframework.security.web.authentication.AnonymousAuthenticationFilter@77c66ac2, org.springframework.security.web.session.SessionManagementFilter@295e989, org.springframework.security.web.access.ExceptionTranslationFilter@46a5aff, org.springframework.security.web.access.intercept.FilterSecurityInterceptor@2a742ee4]
2023-07-25 10:45:12.027  INFO 4072 --- [    Test worker] o.s.m.s.b.SimpleBrokerMessageHandler     : Starting...
2023-07-25 10:45:12.027  INFO 4072 --- [    Test worker] o.s.m.s.b.SimpleBrokerMessageHandler     : BrokerAvailabilityEvent[available=true, SimpleBrokerMessageHandler [org.springframework.messaging.simp.broker.DefaultSubscriptionRegistry@8dba70a]]
2023-07-25 10:45:12.028  INFO 4072 --- [    Test worker] o.s.m.s.b.SimpleBrokerMessageHandler     : Started.
2023-07-25 10:45:12.037  INFO 4072 --- [    Test worker] c.k.authtest.AuthTestApplicationTests    : Started AuthTestApplicationTests in 5.657 seconds (JVM running for 6.741)
]]></system-out>
  <system-err><![CDATA[]]></system-err>
</testsuite>
